------------------------------------------------------------------------------------------------------------------------

[2021-10-01 09:07:15 #1 store] 
Database 'C:\Users\Barbara\Documents\GitHub\BetAndRuin\Bets\bets.temp' has been recovered (tr. 12-16)

[2021-10-01 09:07:15 #2 store] 
Database 'C:\Users\Barbara\Documents\GitHub\BetAndRuin\Bets\bets.temp' is opened by 8344@DESKTOP-VOIUGT4

[2021-10-01 09:07:15 #3 store] 
Configuration path: ?

[2021-10-01 09:07:16 #4 type] 
Type domain.Event is not enhanced.

[2021-10-01 09:07:16 #5 type] 
Type domain.Question is not enhanced.

[2021-10-01 09:07:16 #6 type] 
Type domain.User is not enhanced.

[2021-10-01 09:07:16 #7 type] 
Type domain.Wallet is not enhanced.

[2021-10-01 09:07:16 #8 type] 
Type domain.Bet is not enhanced.

------------------------------------------------------------------------------------------------------------------------

[2021-10-01 09:23:37 #1 store] 
Database 'C:\Users\Barbara\Documents\GitHub\BetAndRuin\Bets\bets.temp' has been recovered (tr. 17-31)

[2021-10-01 09:23:37 #2 store] 
Database 'C:\Users\Barbara\Documents\GitHub\BetAndRuin\Bets\bets.temp' is opened by 11672@DESKTOP-VOIUGT4

[2021-10-01 09:23:37 #3 store] 
Configuration path: ?

[2021-10-01 09:23:38 #4 type] 
Type domain.Event is not enhanced.

[2021-10-01 09:23:38 #5 type] 
Type domain.Question is not enhanced.

[2021-10-01 09:23:38 #6 type] 
Type domain.User is not enhanced.

[2021-10-01 09:23:38 #7 type] 
Type domain.Wallet is not enhanced.

[2021-10-01 09:23:38 #8 type] 
Type domain.Bet is not enhanced.

------------------------------------------------------------------------------------------------------------------------

[2021-10-01 09:23:54 #1 store] 
Database 'C:\Users\Barbara\Documents\GitHub\BetAndRuin\Bets\bets.temp' has been recovered (tr. 32-41)

[2021-10-01 09:23:54 #2 store] 
Database 'C:\Users\Barbara\Documents\GitHub\BetAndRuin\Bets\bets.temp' is opened by 12720@DESKTOP-VOIUGT4

[2021-10-01 09:23:54 #3 store] 
Configuration path: ?

[2021-10-01 09:23:54 #4 type] 
Type domain.Event is not enhanced.

[2021-10-01 09:23:54 #5 type] 
Type domain.Question is not enhanced.

[2021-10-01 09:23:54 #6 type] 
Type domain.User is not enhanced.

[2021-10-01 09:23:54 #7 type] 
Type domain.Wallet is not enhanced.

[2021-10-01 09:23:54 #8 type] 
Type domain.Bet is not enhanced.

------------------------------------------------------------------------------------------------------------------------

[2021-10-01 09:25:50 #1 store] 
Database 'C:\Users\Barbara\Documents\GitHub\BetAndRuin\Bets\bets.temp' has been recovered (tr. 42-51)

[2021-10-01 09:25:51 #2 store] 
Database 'C:\Users\Barbara\Documents\GitHub\BetAndRuin\Bets\bets.temp' is opened by 14388@DESKTOP-VOIUGT4

[2021-10-01 09:25:51 #3 store] 
Configuration path: ?

[2021-10-01 09:25:51 #4 type] 
Type domain.Event is not enhanced.

[2021-10-01 09:25:51 #5 type] 
Type domain.Question is not enhanced.

[2021-10-01 09:25:51 #6 type] 
Type domain.User is not enhanced.

[2021-10-01 09:25:51 #7 type] 
Type domain.Wallet is not enhanced.

[2021-10-01 09:25:51 #8 type] 
Type domain.Bet is not enhanced.

------------------------------------------------------------------------------------------------------------------------

[2021-10-01 09:50:37 #1 store] 
Database 'C:\Users\Barbara\Documents\GitHub\BetAndRuin\Bets\bets.temp' has been recovered (tr. 52-61)

[2021-10-01 09:50:37 #2 store] 
Database 'C:\Users\Barbara\Documents\GitHub\BetAndRuin\Bets\bets.temp' is opened by 10388@DESKTOP-VOIUGT4

[2021-10-01 09:50:37 #3 store] 
Configuration path: ?

[2021-10-01 09:50:38 #4 type] 
Type domain.Event is not enhanced.

[2021-10-01 09:50:38 #5 type] 
Type domain.Question is not enhanced.

[2021-10-01 09:50:38 #6 type] 
Type domain.User is not enhanced.

[2021-10-01 09:50:38 #7 type] 
Type domain.Wallet is not enhanced.

[2021-10-01 09:50:38 #8 type] 
Type domain.Bet is not enhanced.

------------------------------------------------------------------------------------------------------------------------

[2021-10-01 09:51:25 #1 store] 
Database 'C:\Users\Barbara\Documents\GitHub\BetAndRuin\Bets\bets.temp' is opened by 10788@DESKTOP-VOIUGT4

[2021-10-01 09:51:25 #2 store] 
Configuration path: ?

[2021-10-01 09:51:25 #3 type] 
Type domain.Event is not enhanced.

[2021-10-01 09:51:25 #4 type] 
Type domain.Question is not enhanced.

[2021-10-01 09:51:25 #5 type] 
Type domain.User is not enhanced.

[2021-10-01 09:51:25 #6 type] 
Type domain.Wallet is not enhanced.

[2021-10-01 09:51:25 #7 type] 
Type domain.Bet is not enhanced.

------------------------------------------------------------------------------------------------------------------------

[2021-10-01 09:53:39 #1 store] 
Database 'C:\Users\Barbara\Documents\GitHub\BetAndRuin\Bets\bets.temp' is opened by 8000@DESKTOP-VOIUGT4

[2021-10-01 09:53:39 #2 store] 
Configuration path: ?

[2021-10-01 09:53:39 #3 type] 
Type domain.Event is not enhanced.

[2021-10-01 09:53:39 #4 type] 
Type domain.Question is not enhanced.

[2021-10-01 09:53:39 #5 type] 
Type domain.User is not enhanced.

[2021-10-01 09:53:39 #6 type] 
Type domain.Wallet is not enhanced.

[2021-10-01 09:53:39 #7 type] 
Type domain.Bet is not enhanced.

------------------------------------------------------------------------------------------------------------------------

[2021-10-01 18:08:44 #1 store] 
Database 'C:\Users\Barbara\Documents\GitHub\BetAndRuin\Bets\bets.temp' is opened by 12112@DESKTOP-VOIUGT4

[2021-10-01 18:08:44 #2 store] 
Configuration path: ?

[2021-10-01 18:08:44 #3 type] 
Type domain.Event is not enhanced.

[2021-10-01 18:08:44 #4 type] 
Type domain.Question is not enhanced.

[2021-10-01 18:08:44 #5 type] 
Type domain.User is not enhanced.

[2021-10-01 18:08:44 #6 type] 
Type domain.Wallet is not enhanced.

[2021-10-01 18:08:44 #7 type] 
Type domain.Bet is not enhanced.

------------------------------------------------------------------------------------------------------------------------

[2021-10-01 18:08:56 #1 store] 
Database 'C:\Users\Barbara\Documents\GitHub\BetAndRuin\Bets\bets.temp' has been recovered (tr. 62-63)

[2021-10-01 18:08:56 #2 store] 
Database 'C:\Users\Barbara\Documents\GitHub\BetAndRuin\Bets\bets.temp' is opened by 11860@DESKTOP-VOIUGT4

[2021-10-01 18:08:56 #3 store] 
Configuration path: ?

[2021-10-01 18:08:57 #4 type] 
Type domain.Event is not enhanced.

[2021-10-01 18:08:57 #5 type] 
Type domain.Question is not enhanced.

[2021-10-01 18:08:57 #6 type] 
Type domain.User is not enhanced.

[2021-10-01 18:08:57 #7 type] 
Type domain.Wallet is not enhanced.

[2021-10-01 18:08:57 #8 type] 
Type domain.Bet is not enhanced.

------------------------------------------------------------------------------------------------------------------------

[2021-10-01 18:25:29 #1 store] 
Database 'C:\Users\Barbara\Documents\GitHub\BetAndRuin\Bets\bets.temp' has been recovered (tr. 64-65)

[2021-10-01 18:25:29 #2 store] 
Database 'C:\Users\Barbara\Documents\GitHub\BetAndRuin\Bets\bets.temp' is opened by 9400@DESKTOP-VOIUGT4

[2021-10-01 18:25:29 #3 store] 
Configuration path: ?

[2021-10-01 18:25:29 #4 type] 
Type domain.Event is not enhanced.

[2021-10-01 18:25:29 #5 type] 
Type domain.Question is not enhanced.

[2021-10-01 18:25:29 #6 type] 
Type domain.User is not enhanced.

[2021-10-01 18:25:29 #7 type] 
Type domain.Wallet is not enhanced.

[2021-10-01 18:25:29 #8 type] 
Type domain.Bet is not enhanced.

------------------------------------------------------------------------------------------------------------------------

[2021-10-01 18:27:18 #1 store] 
Database 'C:\Users\Barbara\Documents\GitHub\BetAndRuin\Bets\bets.temp' has been recovered (tr. 66-69)

[2021-10-01 18:27:18 #2 store] 
Database 'C:\Users\Barbara\Documents\GitHub\BetAndRuin\Bets\bets.temp' is opened by 1200@DESKTOP-VOIUGT4

[2021-10-01 18:27:18 #3 store] 
Configuration path: ?

[2021-10-01 18:27:18 #4 type] 
Type domain.Event is not enhanced.

[2021-10-01 18:27:18 #5 type] 
Type domain.Question is not enhanced.

[2021-10-01 18:27:18 #6 type] 
Type domain.User is not enhanced.

[2021-10-01 18:27:18 #7 type] 
Type domain.Wallet is not enhanced.

[2021-10-01 18:27:18 #8 type] 
Type domain.Bet is not enhanced.

------------------------------------------------------------------------------------------------------------------------

[2021-10-01 18:32:51 #1 store] 
Database 'C:\Users\Barbara\Documents\GitHub\BetAndRuin\Bets\bets.temp' has been recovered (tr. 70-73)

[2021-10-01 18:32:51 #2 store] 
Database 'C:\Users\Barbara\Documents\GitHub\BetAndRuin\Bets\bets.temp' is opened by 15784@DESKTOP-VOIUGT4

[2021-10-01 18:32:51 #3 store] 
Configuration path: ?

[2021-10-01 18:32:51 #4 type] 
Type domain.Event is not enhanced.

[2021-10-01 18:32:51 #5 type] 
Type domain.Question is not enhanced.

[2021-10-01 18:32:51 #6 type] 
Type domain.User is not enhanced.

[2021-10-01 18:32:51 #7 type] 
Type domain.Wallet is not enhanced.

[2021-10-01 18:32:51 #8 type] 
Type domain.Bet is not enhanced.

------------------------------------------------------------------------------------------------------------------------

[2021-10-01 18:42:40 #1 store] 
Database 'C:\Users\Barbara\Documents\GitHub\BetAndRuin\Bets\bets.temp' has been recovered (tr. 74-77)

[2021-10-01 18:42:40 #2 store] 
Database 'C:\Users\Barbara\Documents\GitHub\BetAndRuin\Bets\bets.temp' is opened by 12064@DESKTOP-VOIUGT4

[2021-10-01 18:42:40 #3 store] 
Configuration path: ?

[2021-10-01 18:42:40 #4 type] 
Type domain.Event is not enhanced.

[2021-10-01 18:42:40 #5 type] 
Type domain.Question is not enhanced.

[2021-10-01 18:42:40 #6 type] 
Type domain.User is not enhanced.

[2021-10-01 18:42:40 #7 type] 
Type domain.Wallet is not enhanced.

[2021-10-01 18:42:40 #8 type] 
Type domain.Bet is not enhanced.

------------------------------------------------------------------------------------------------------------------------

[2021-10-01 18:44:07 #1 store] 
Database 'C:\Users\Barbara\Documents\GitHub\BetAndRuin\Bets\bets.temp' has been recovered (tr. 78-82)

[2021-10-01 18:44:07 #2 store] 
Database 'C:\Users\Barbara\Documents\GitHub\BetAndRuin\Bets\bets.temp' is opened by 7700@DESKTOP-VOIUGT4

[2021-10-01 18:44:07 #3 store] 
Configuration path: ?

[2021-10-01 18:44:07 #4 type] 
Type domain.Event is not enhanced.

[2021-10-01 18:44:08 #5 type] 
Type domain.Question is not enhanced.

[2021-10-01 18:44:08 #6 type] 
Type domain.User is not enhanced.

[2021-10-01 18:44:08 #7 type] 
Type domain.Wallet is not enhanced.

[2021-10-01 18:44:08 #8 type] 
Type domain.Bet is not enhanced.

------------------------------------------------------------------------------------------------------------------------

[2021-10-01 18:44:38 #1 store] 
Database 'C:\Users\Barbara\Documents\GitHub\BetAndRuin\Bets\bets.temp' has been recovered (tr. 83-86)

[2021-10-01 18:44:38 #2 store] 
Database 'C:\Users\Barbara\Documents\GitHub\BetAndRuin\Bets\bets.temp' is opened by 4576@DESKTOP-VOIUGT4

[2021-10-01 18:44:38 #3 store] 
Configuration path: ?

[2021-10-01 18:44:38 #4 type] 
Type domain.Event is not enhanced.

[2021-10-01 18:44:38 #5 type] 
Type domain.Question is not enhanced.

[2021-10-01 18:44:38 #6 type] 
Type domain.User is not enhanced.

[2021-10-01 18:44:38 #7 type] 
Type domain.Wallet is not enhanced.

[2021-10-01 18:44:38 #8 type] 
Type domain.Bet is not enhanced.

------------------------------------------------------------------------------------------------------------------------

[2021-10-01 18:46:43 #1 store] 
Database 'C:\Users\Barbara\Documents\GitHub\BetAndRuin\Bets\bets.temp' has been recovered (tr. 87-90)

[2021-10-01 18:46:43 #2 store] 
Database 'C:\Users\Barbara\Documents\GitHub\BetAndRuin\Bets\bets.temp' is opened by 1216@DESKTOP-VOIUGT4

[2021-10-01 18:46:43 #3 store] 
Configuration path: ?

[2021-10-01 18:46:44 #4 type] 
Type domain.Event is not enhanced.

[2021-10-01 18:46:44 #5 type] 
Type domain.Question is not enhanced.

[2021-10-01 18:46:44 #6 type] 
Type domain.User is not enhanced.

[2021-10-01 18:46:44 #7 type] 
Type domain.Wallet is not enhanced.

[2021-10-01 18:46:44 #8 type] 
Type domain.Bet is not enhanced.

------------------------------------------------------------------------------------------------------------------------

[2021-10-01 18:50:23 #1 store] 
Database 'C:\Users\Barbara\Documents\GitHub\BetAndRuin\Bets\bets.temp' has been recovered (tr. 91-94)

[2021-10-01 18:50:23 #2 store] 
Database 'C:\Users\Barbara\Documents\GitHub\BetAndRuin\Bets\bets.temp' is opened by 8932@DESKTOP-VOIUGT4

[2021-10-01 18:50:23 #3 store] 
Configuration path: ?

[2021-10-01 18:50:23 #4 type] 
Type domain.Event is not enhanced.

[2021-10-01 18:50:23 #5 type] 
Type domain.Question is not enhanced.

[2021-10-01 18:50:23 #6 type] 
Type domain.User is not enhanced.

[2021-10-01 18:50:23 #7 type] 
Type domain.Wallet is not enhanced.

[2021-10-01 18:50:23 #8 type] 
Type domain.Bet is not enhanced.

[2021-10-01 18:50:24 #9 query] 
Error during query execution: SELECT q FROM Question q WHERE q.questionNumber = null(null)

[2021-10-01 18:50:24 #10 *] 
java.lang.NullPointerException: Cannot read field "b" because "<parameter1>" is null
	at com.objectdb.o.BIT.e(BIT.java:244)
	at com.objectdb.o.PLL.g(PLL.java:188)
	at com.objectdb.o.PLL.h(PLL.java:155)
	at com.objectdb.o.PLL.a(PLL.java:116)
	at com.objectdb.o.WSP.a(WSP.java:654)
	at com.objectdb.o.WSP.k(WSP.java:308)
	at com.objectdb.o.WSP.g(WSP.java:167)
	at com.objectdb.o.WSP.c(WSP.java:127)
	at com.objectdb.o.WVP.b(WVP.java:285)
	at com.objectdb.o.WVP.e(WVP.java:164)
	at com.objectdb.o.WHP.c(WHP.java:352)
	at com.objectdb.o.WHP.b(WHP.java:200)
	at com.objectdb.o.WHP.b(WHP.java:123)
	at com.objectdb.o.QPN.g(QPN.java:88)
	at com.objectdb.o.QRC.j(QRC.java:213)
	at com.objectdb.o.QRM.ZU(QRM.java:273)
	at com.objectdb.o.MST.ZU(MST.java:1019)
	at com.objectdb.o.WRA.ZU(WRA.java:313)
	at com.objectdb.o.WSM.ZU(WSM.java:117)
	at com.objectdb.o.QRR.k(QRR.java:260)
	at com.objectdb.o.QRR.i(QRR.java:154)
	at com.objectdb.jpa.JpaQuery.getSingleResult(JpaQuery.java:755)
	at removeBetUtility.TestUtilityDataAccess.getQuestion(TestUtilityDataAccess.java:153)
	at removeBetUtility.TestUtilityDataAccess.removeQuestion(TestUtilityDataAccess.java:458)
	at removeBetTest.RemoveBetTest.removeBetTest4(RemoveBetTest.java:74)
	at java.base/jdk.internal.reflect.NativeMethodAccessorImpl.invoke0(Native Method)
	at java.base/jdk.internal.reflect.NativeMethodAccessorImpl.invoke(NativeMethodAccessorImpl.java:64)
	at java.base/jdk.internal.reflect.DelegatingMethodAccessorImpl.invoke(DelegatingMethodAccessorImpl.java:43)
	at java.base/java.lang.reflect.Method.invoke(Method.java:564)
	at org.junit.platform.commons.util.ReflectionUtils.invokeMethod(ReflectionUtils.java:688)
	at org.junit.jupiter.engine.execution.MethodInvocation.proceed(MethodInvocation.java:60)
	at org.junit.jupiter.engine.execution.InvocationInterceptorChain$ValidatingInvocation.proceed(InvocationInterceptorChain.java:131)
	at org.junit.jupiter.engine.extension.TimeoutExtension.intercept(TimeoutExtension.java:149)
	at org.junit.jupiter.engine.extension.TimeoutExtension.interceptTestableMethod(TimeoutExtension.java:140)
	at org.junit.jupiter.engine.extension.TimeoutExtension.interceptTestMethod(TimeoutExtension.java:84)
	at org.junit.jupiter.engine.execution.ExecutableInvoker$ReflectiveInterceptorCall.lambda$ofVoidMethod$0(ExecutableInvoker.java:115)
	at org.junit.jupiter.engine.execution.ExecutableInvoker.lambda$invoke$0(ExecutableInvoker.java:105)
	at org.junit.jupiter.engine.execution.InvocationInterceptorChain$InterceptedInvocation.proceed(InvocationInterceptorChain.java:106)
	at org.junit.jupiter.engine.execution.InvocationInterceptorChain.proceed(InvocationInterceptorChain.java:64)
	at org.junit.jupiter.engine.execution.InvocationInterceptorChain.chainAndInvoke(InvocationInterceptorChain.java:45)
	at org.junit.jupiter.engine.execution.InvocationInterceptorChain.invoke(InvocationInterceptorChain.java:37)
	at org.junit.jupiter.engine.execution.ExecutableInvoker.invoke(ExecutableInvoker.java:104)
	at org.junit.jupiter.engine.execution.ExecutableInvoker.invoke(ExecutableInvoker.java:98)
	at org.junit.jupiter.engine.descriptor.TestMethodTestDescriptor.lambda$invokeTestMethod$6(TestMethodTestDescriptor.java:210)
	at org.junit.platform.engine.support.hierarchical.ThrowableCollector.execute(ThrowableCollector.java:73)
	at org.junit.jupiter.engine.descriptor.TestMethodTestDescriptor.invokeTestMethod(TestMethodTestDescriptor.java:206)
	at org.junit.jupiter.engine.descriptor.TestMethodTestDescriptor.execute(TestMethodTestDescriptor.java:131)
	at org.junit.jupiter.engine.descriptor.TestMethodTestDescriptor.execute(TestMethodTestDescriptor.java:65)
	at org.junit.platform.engine.support.hierarchical.NodeTestTask.lambda$executeRecursively$5(NodeTestTask.java:139)
	at org.junit.platform.engine.support.hierarchical.ThrowableCollector.execute(ThrowableCollector.java:73)
	at org.junit.platform.engine.support.hierarchical.NodeTestTask.lambda$executeRecursively$7(NodeTestTask.java:129)
	at org.junit.platform.engine.support.hierarchical.Node.around(Node.java:137)
	at org.junit.platform.engine.support.hierarchical.NodeTestTask.lambda$executeRecursively$8(NodeTestTask.java:127)
	at org.junit.platform.engine.support.hierarchical.ThrowableCollector.execute(ThrowableCollector.java:73)
	at org.junit.platform.engine.support.hierarchical.NodeTestTask.executeRecursively(NodeTestTask.java:126)
	at org.junit.platform.engine.support.hierarchical.NodeTestTask.execute(NodeTestTask.java:84)
	at java.base/java.util.ArrayList.forEach(ArrayList.java:1511)
	at org.junit.platform.engine.support.hierarchical.SameThreadHierarchicalTestExecutorService.invokeAll(SameThreadHierarchicalTestExecutorService.java:38)
	at org.junit.platform.engine.support.hierarchical.NodeTestTask.lambda$executeRecursively$5(NodeTestTask.java:143)
	at org.junit.platform.engine.support.hierarchical.ThrowableCollector.execute(ThrowableCollector.java:73)
	at org.junit.platform.engine.support.hierarchical.NodeTestTask.lambda$executeRecursively$7(NodeTestTask.java:129)
	at org.junit.platform.engine.support.hierarchical.Node.around(Node.java:137)
	at org.junit.platform.engine.support.hierarchical.NodeTestTask.lambda$executeRecursively$8(NodeTestTask.java:127)
	at org.junit.platform.engine.support.hierarchical.ThrowableCollector.execute(ThrowableCollector.java:73)
	at org.junit.platform.engine.support.hierarchical.NodeTestTask.executeRecursively(NodeTestTask.java:126)
	at org.junit.platform.engine.support.hierarchical.NodeTestTask.execute(NodeTestTask.java:84)
	at java.base/java.util.ArrayList.forEach(ArrayList.java:1511)
	at org.junit.platform.engine.support.hierarchical.SameThreadHierarchicalTestExecutorService.invokeAll(SameThreadHierarchicalTestExecutorService.java:38)
	at org.junit.platform.engine.support.hierarchical.NodeTestTask.lambda$executeRecursively$5(NodeTestTask.java:143)
	at org.junit.platform.engine.support.hierarchical.ThrowableCollector.execute(ThrowableCollector.java:73)
	at org.junit.platform.engine.support.hierarchical.NodeTestTask.lambda$executeRecursively$7(NodeTestTask.java:129)
	at org.junit.platform.engine.support.hierarchical.Node.around(Node.java:137)
	at org.junit.platform.engine.support.hierarchical.NodeTestTask.lambda$executeRecursively$8(NodeTestTask.java:127)
	at org.junit.platform.engine.support.hierarchical.ThrowableCollector.execute(ThrowableCollector.java:73)
	at org.junit.platform.engine.support.hierarchical.NodeTestTask.executeRecursively(NodeTestTask.java:126)
	at org.junit.platform.engine.support.hierarchical.NodeTestTask.execute(NodeTestTask.java:84)
	at org.junit.platform.engine.support.hierarchical.SameThreadHierarchicalTestExecutorService.submit(SameThreadHierarchicalTestExecutorService.java:32)
	at org.junit.platform.engine.support.hierarchical.HierarchicalTestExecutor.execute(HierarchicalTestExecutor.java:57)
	at org.junit.platform.engine.support.hierarchical.HierarchicalTestEngine.execute(HierarchicalTestEngine.java:51)
	at org.junit.platform.launcher.core.EngineExecutionOrchestrator.execute(EngineExecutionOrchestrator.java:108)
	at org.junit.platform.launcher.core.EngineExecutionOrchestrator.execute(EngineExecutionOrchestrator.java:88)
	at org.junit.platform.launcher.core.EngineExecutionOrchestrator.lambda$execute$0(EngineExecutionOrchestrator.java:54)
	at org.junit.platform.launcher.core.EngineExecutionOrchestrator.withInterceptedStreams(EngineExecutionOrchestrator.java:67)
	at org.junit.platform.launcher.core.EngineExecutionOrchestrator.execute(EngineExecutionOrchestrator.java:52)
	at org.junit.platform.launcher.core.DefaultLauncher.execute(DefaultLauncher.java:96)
	at org.junit.platform.launcher.core.DefaultLauncher.execute(DefaultLauncher.java:84)
	at org.eclipse.jdt.internal.junit5.runner.JUnit5TestReference.run(JUnit5TestReference.java:98)
	at org.eclipse.jdt.internal.junit.runner.TestExecution.run(TestExecution.java:41)
	at org.eclipse.jdt.internal.junit.runner.RemoteTestRunner.runTests(RemoteTestRunner.java:542)
	at org.eclipse.jdt.internal.junit.runner.RemoteTestRunner.runTests(RemoteTestRunner.java:770)
	at org.eclipse.jdt.internal.junit.runner.RemoteTestRunner.run(RemoteTestRunner.java:464)
	at org.eclipse.jdt.internal.junit.runner.RemoteTestRunner.main(RemoteTestRunner.java:210)

[2021-10-01 18:50:24 #11 query] 
Error during query execution: SELECT q FROM Question q WHERE q.questionNumber = null(null)

[2021-10-01 18:50:25 #12 *] 
java.lang.NullPointerException: Cannot read field "b" because "<parameter1>" is null
	at com.objectdb.o.BIT.e(BIT.java:244)
	at com.objectdb.o.PLL.g(PLL.java:188)
	at com.objectdb.o.PLL.h(PLL.java:155)
	at com.objectdb.o.PLL.a(PLL.java:116)
	at com.objectdb.o.WSP.a(WSP.java:654)
	at com.objectdb.o.WSP.k(WSP.java:308)
	at com.objectdb.o.WSP.g(WSP.java:167)
	at com.objectdb.o.WSP.c(WSP.java:127)
	at com.objectdb.o.WVP.b(WVP.java:285)
	at com.objectdb.o.WVP.e(WVP.java:164)
	at com.objectdb.o.WHP.c(WHP.java:352)
	at com.objectdb.o.WHP.b(WHP.java:200)
	at com.objectdb.o.WHP.b(WHP.java:123)
	at com.objectdb.o.QPN.g(QPN.java:88)
	at com.objectdb.o.QRC.j(QRC.java:213)
	at com.objectdb.o.QRM.ZU(QRM.java:273)
	at com.objectdb.o.MST.ZU(MST.java:1019)
	at com.objectdb.o.WRA.ZU(WRA.java:313)
	at com.objectdb.o.WSM.ZU(WSM.java:117)
	at com.objectdb.o.QRR.k(QRR.java:260)
	at com.objectdb.o.QRR.i(QRR.java:154)
	at com.objectdb.jpa.JpaQuery.getSingleResult(JpaQuery.java:755)
	at removeBetUtility.TestUtilityDataAccess.getQuestion(TestUtilityDataAccess.java:153)
	at removeBetUtility.TestUtilityDataAccess.removeQuestion(TestUtilityDataAccess.java:458)
	at removeBetTest.RemoveBetTest.removeBetTest5(RemoveBetTest.java:118)
	at java.base/jdk.internal.reflect.NativeMethodAccessorImpl.invoke0(Native Method)
	at java.base/jdk.internal.reflect.NativeMethodAccessorImpl.invoke(NativeMethodAccessorImpl.java:64)
	at java.base/jdk.internal.reflect.DelegatingMethodAccessorImpl.invoke(DelegatingMethodAccessorImpl.java:43)
	at java.base/java.lang.reflect.Method.invoke(Method.java:564)
	at org.junit.platform.commons.util.ReflectionUtils.invokeMethod(ReflectionUtils.java:688)
	at org.junit.jupiter.engine.execution.MethodInvocation.proceed(MethodInvocation.java:60)
	at org.junit.jupiter.engine.execution.InvocationInterceptorChain$ValidatingInvocation.proceed(InvocationInterceptorChain.java:131)
	at org.junit.jupiter.engine.extension.TimeoutExtension.intercept(TimeoutExtension.java:149)
	at org.junit.jupiter.engine.extension.TimeoutExtension.interceptTestableMethod(TimeoutExtension.java:140)
	at org.junit.jupiter.engine.extension.TimeoutExtension.interceptTestMethod(TimeoutExtension.java:84)
	at org.junit.jupiter.engine.execution.ExecutableInvoker$ReflectiveInterceptorCall.lambda$ofVoidMethod$0(ExecutableInvoker.java:115)
	at org.junit.jupiter.engine.execution.ExecutableInvoker.lambda$invoke$0(ExecutableInvoker.java:105)
	at org.junit.jupiter.engine.execution.InvocationInterceptorChain$InterceptedInvocation.proceed(InvocationInterceptorChain.java:106)
	at org.junit.jupiter.engine.execution.InvocationInterceptorChain.proceed(InvocationInterceptorChain.java:64)
	at org.junit.jupiter.engine.execution.InvocationInterceptorChain.chainAndInvoke(InvocationInterceptorChain.java:45)
	at org.junit.jupiter.engine.execution.InvocationInterceptorChain.invoke(InvocationInterceptorChain.java:37)
	at org.junit.jupiter.engine.execution.ExecutableInvoker.invoke(ExecutableInvoker.java:104)
	at org.junit.jupiter.engine.execution.ExecutableInvoker.invoke(ExecutableInvoker.java:98)
	at org.junit.jupiter.engine.descriptor.TestMethodTestDescriptor.lambda$invokeTestMethod$6(TestMethodTestDescriptor.java:210)
	at org.junit.platform.engine.support.hierarchical.ThrowableCollector.execute(ThrowableCollector.java:73)
	at org.junit.jupiter.engine.descriptor.TestMethodTestDescriptor.invokeTestMethod(TestMethodTestDescriptor.java:206)
	at org.junit.jupiter.engine.descriptor.TestMethodTestDescriptor.execute(TestMethodTestDescriptor.java:131)
	at org.junit.jupiter.engine.descriptor.TestMethodTestDescriptor.execute(TestMethodTestDescriptor.java:65)
	at org.junit.platform.engine.support.hierarchical.NodeTestTask.lambda$executeRecursively$5(NodeTestTask.java:139)
	at org.junit.platform.engine.support.hierarchical.ThrowableCollector.execute(ThrowableCollector.java:73)
	at org.junit.platform.engine.support.hierarchical.NodeTestTask.lambda$executeRecursively$7(NodeTestTask.java:129)
	at org.junit.platform.engine.support.hierarchical.Node.around(Node.java:137)
	at org.junit.platform.engine.support.hierarchical.NodeTestTask.lambda$executeRecursively$8(NodeTestTask.java:127)
	at org.junit.platform.engine.support.hierarchical.ThrowableCollector.execute(ThrowableCollector.java:73)
	at org.junit.platform.engine.support.hierarchical.NodeTestTask.executeRecursively(NodeTestTask.java:126)
	at org.junit.platform.engine.support.hierarchical.NodeTestTask.execute(NodeTestTask.java:84)
	at java.base/java.util.ArrayList.forEach(ArrayList.java:1511)
	at org.junit.platform.engine.support.hierarchical.SameThreadHierarchicalTestExecutorService.invokeAll(SameThreadHierarchicalTestExecutorService.java:38)
	at org.junit.platform.engine.support.hierarchical.NodeTestTask.lambda$executeRecursively$5(NodeTestTask.java:143)
	at org.junit.platform.engine.support.hierarchical.ThrowableCollector.execute(ThrowableCollector.java:73)
	at org.junit.platform.engine.support.hierarchical.NodeTestTask.lambda$executeRecursively$7(NodeTestTask.java:129)
	at org.junit.platform.engine.support.hierarchical.Node.around(Node.java:137)
	at org.junit.platform.engine.support.hierarchical.NodeTestTask.lambda$executeRecursively$8(NodeTestTask.java:127)
	at org.junit.platform.engine.support.hierarchical.ThrowableCollector.execute(ThrowableCollector.java:73)
	at org.junit.platform.engine.support.hierarchical.NodeTestTask.executeRecursively(NodeTestTask.java:126)
	at org.junit.platform.engine.support.hierarchical.NodeTestTask.execute(NodeTestTask.java:84)
	at java.base/java.util.ArrayList.forEach(ArrayList.java:1511)
	at org.junit.platform.engine.support.hierarchical.SameThreadHierarchicalTestExecutorService.invokeAll(SameThreadHierarchicalTestExecutorService.java:38)
	at org.junit.platform.engine.support.hierarchical.NodeTestTask.lambda$executeRecursively$5(NodeTestTask.java:143)
	at org.junit.platform.engine.support.hierarchical.ThrowableCollector.execute(ThrowableCollector.java:73)
	at org.junit.platform.engine.support.hierarchical.NodeTestTask.lambda$executeRecursively$7(NodeTestTask.java:129)
	at org.junit.platform.engine.support.hierarchical.Node.around(Node.java:137)
	at org.junit.platform.engine.support.hierarchical.NodeTestTask.lambda$executeRecursively$8(NodeTestTask.java:127)
	at org.junit.platform.engine.support.hierarchical.ThrowableCollector.execute(ThrowableCollector.java:73)
	at org.junit.platform.engine.support.hierarchical.NodeTestTask.executeRecursively(NodeTestTask.java:126)
	at org.junit.platform.engine.support.hierarchical.NodeTestTask.execute(NodeTestTask.java:84)
	at org.junit.platform.engine.support.hierarchical.SameThreadHierarchicalTestExecutorService.submit(SameThreadHierarchicalTestExecutorService.java:32)
	at org.junit.platform.engine.support.hierarchical.HierarchicalTestExecutor.execute(HierarchicalTestExecutor.java:57)
	at org.junit.platform.engine.support.hierarchical.HierarchicalTestEngine.execute(HierarchicalTestEngine.java:51)
	at org.junit.platform.launcher.core.EngineExecutionOrchestrator.execute(EngineExecutionOrchestrator.java:108)
	at org.junit.platform.launcher.core.EngineExecutionOrchestrator.execute(EngineExecutionOrchestrator.java:88)
	at org.junit.platform.launcher.core.EngineExecutionOrchestrator.lambda$execute$0(EngineExecutionOrchestrator.java:54)
	at org.junit.platform.launcher.core.EngineExecutionOrchestrator.withInterceptedStreams(EngineExecutionOrchestrator.java:67)
	at org.junit.platform.launcher.core.EngineExecutionOrchestrator.execute(EngineExecutionOrchestrator.java:52)
	at org.junit.platform.launcher.core.DefaultLauncher.execute(DefaultLauncher.java:96)
	at org.junit.platform.launcher.core.DefaultLauncher.execute(DefaultLauncher.java:84)
	at org.eclipse.jdt.internal.junit5.runner.JUnit5TestReference.run(JUnit5TestReference.java:98)
	at org.eclipse.jdt.internal.junit.runner.TestExecution.run(TestExecution.java:41)
	at org.eclipse.jdt.internal.junit.runner.RemoteTestRunner.runTests(RemoteTestRunner.java:542)
	at org.eclipse.jdt.internal.junit.runner.RemoteTestRunner.runTests(RemoteTestRunner.java:770)
	at org.eclipse.jdt.internal.junit.runner.RemoteTestRunner.run(RemoteTestRunner.java:464)
	at org.eclipse.jdt.internal.junit.runner.RemoteTestRunner.main(RemoteTestRunner.java:210)

------------------------------------------------------------------------------------------------------------------------

[2021-10-01 18:51:44 #1 store] 
Database 'C:\Users\Barbara\Documents\GitHub\BetAndRuin\Bets\bets.temp' has been recovered (tr. 95-98)

[2021-10-01 18:51:44 #2 store] 
Database 'C:\Users\Barbara\Documents\GitHub\BetAndRuin\Bets\bets.temp' is opened by 10808@DESKTOP-VOIUGT4

[2021-10-01 18:51:44 #3 store] 
Configuration path: ?

[2021-10-01 18:51:44 #4 type] 
Type domain.Event is not enhanced.

[2021-10-01 18:51:44 #5 type] 
Type domain.Question is not enhanced.

[2021-10-01 18:51:44 #6 type] 
Type domain.User is not enhanced.

[2021-10-01 18:51:44 #7 type] 
Type domain.Wallet is not enhanced.

[2021-10-01 18:51:44 #8 type] 
Type domain.Bet is not enhanced.

------------------------------------------------------------------------------------------------------------------------

[2021-10-01 18:54:54 #1 store] 
Database 'C:\Users\Barbara\Documents\GitHub\BetAndRuin\Bets\bets.temp' has been recovered (tr. 99-102)

[2021-10-01 18:54:55 #2 store] 
Database 'C:\Users\Barbara\Documents\GitHub\BetAndRuin\Bets\bets.temp' is opened by 1512@DESKTOP-VOIUGT4

[2021-10-01 18:54:55 #3 store] 
Configuration path: ?

[2021-10-01 18:54:55 #4 type] 
Type domain.Event is not enhanced.

[2021-10-01 18:54:55 #5 type] 
Type domain.Question is not enhanced.

[2021-10-01 18:54:55 #6 type] 
Type domain.User is not enhanced.

[2021-10-01 18:54:55 #7 type] 
Type domain.Wallet is not enhanced.

[2021-10-01 18:54:55 #8 type] 
Type domain.Bet is not enhanced.

------------------------------------------------------------------------------------------------------------------------

[2021-10-01 18:55:29 #1 store] 
Database 'C:\Users\Barbara\Documents\GitHub\BetAndRuin\Bets\bets.temp' has been recovered (tr. 103-107)

[2021-10-01 18:55:29 #2 store] 
Database 'C:\Users\Barbara\Documents\GitHub\BetAndRuin\Bets\bets.temp' is opened by 2824@DESKTOP-VOIUGT4

[2021-10-01 18:55:29 #3 store] 
Configuration path: ?

[2021-10-01 18:55:30 #4 type] 
Type domain.Event is not enhanced.

[2021-10-01 18:55:30 #5 type] 
Type domain.Question is not enhanced.

[2021-10-01 18:55:30 #6 type] 
Type domain.User is not enhanced.

[2021-10-01 18:55:30 #7 type] 
Type domain.Wallet is not enhanced.

[2021-10-01 18:55:30 #8 type] 
Type domain.Bet is not enhanced.

------------------------------------------------------------------------------------------------------------------------

[2021-10-01 18:59:39 #1 store] 
Database 'C:\Users\Barbara\Documents\GitHub\BetAndRuin\Bets\bets.temp' has been recovered (tr. 108-111)

[2021-10-01 18:59:39 #2 store] 
Database 'C:\Users\Barbara\Documents\GitHub\BetAndRuin\Bets\bets.temp' is opened by 16080@DESKTOP-VOIUGT4

[2021-10-01 18:59:39 #3 store] 
Configuration path: ?

[2021-10-01 18:59:40 #4 type] 
Type domain.Event is not enhanced.

[2021-10-01 18:59:40 #5 type] 
Type domain.Question is not enhanced.

[2021-10-01 18:59:40 #6 type] 
Type domain.User is not enhanced.

[2021-10-01 18:59:40 #7 type] 
Type domain.Wallet is not enhanced.

[2021-10-01 18:59:40 #8 type] 
Type domain.Bet is not enhanced.

