------------------------------------------------------------------------------------------------------------------------

[2021-10-02 11:49:34 #1 store] 
Database 'C:\Users\Barbara\Documents\GitHub\BetAndRuin\Bets\bets.temp' has been recovered (tr. 112-116)

[2021-10-02 11:49:34 #2 store] 
Database 'C:\Users\Barbara\Documents\GitHub\BetAndRuin\Bets\bets.temp' is opened by 7732@DESKTOP-VOIUGT4

[2021-10-02 11:49:34 #3 store] 
Configuration path: ?

[2021-10-02 11:49:34 #4 type] 
Type domain.Event is not enhanced.

[2021-10-02 11:49:34 #5 type] 
Type domain.Question is not enhanced.

[2021-10-02 11:49:34 #6 type] 
Type domain.User is not enhanced.

[2021-10-02 11:49:34 #7 type] 
Type domain.Wallet is not enhanced.

[2021-10-02 11:49:34 #8 type] 
Type domain.Bet is not enhanced.

------------------------------------------------------------------------------------------------------------------------

[2021-10-02 11:50:36 #1 store] 
Database 'C:\Users\Barbara\Documents\GitHub\BetAndRuin\Bets\bets.temp' has been recovered (tr. 117-126)

[2021-10-02 11:50:36 #2 store] 
Database 'C:\Users\Barbara\Documents\GitHub\BetAndRuin\Bets\bets.temp' is opened by 6076@DESKTOP-VOIUGT4

[2021-10-02 11:50:36 #3 store] 
Configuration path: ?

[2021-10-02 11:50:36 #4 type] 
Type domain.Event is not enhanced.

[2021-10-02 11:50:36 #5 type] 
Type domain.Question is not enhanced.

[2021-10-02 11:50:36 #6 type] 
Type domain.User is not enhanced.

[2021-10-02 11:50:36 #7 type] 
Type domain.Wallet is not enhanced.

[2021-10-02 11:50:36 #8 type] 
Type domain.Bet is not enhanced.

------------------------------------------------------------------------------------------------------------------------

[2021-10-02 11:59:29 #1 store] 
Database 'C:\Users\Barbara\Documents\GitHub\BetAndRuin\Bets\bets.temp' has been recovered (tr. 127-140)

[2021-10-02 11:59:29 #2 store] 
Database 'C:\Users\Barbara\Documents\GitHub\BetAndRuin\Bets\bets.temp' is opened by 15144@DESKTOP-VOIUGT4

[2021-10-02 11:59:29 #3 store] 
Configuration path: ?

[2021-10-02 11:59:29 #4 type] 
Type domain.Event is not enhanced.

[2021-10-02 11:59:29 #5 type] 
Type domain.Question is not enhanced.

[2021-10-02 11:59:29 #6 type] 
Type domain.User is not enhanced.

[2021-10-02 11:59:29 #7 type] 
Type domain.Wallet is not enhanced.

[2021-10-02 11:59:29 #8 type] 
Type domain.Bet is not enhanced.

------------------------------------------------------------------------------------------------------------------------

[2021-10-02 12:07:33 #1 store] 
Database 'C:\Users\Barbara\Documents\GitHub\BetAndRuin\Bets\bets.temp' has been recovered (tr. 141-154)

[2021-10-02 12:07:33 #2 store] 
Database 'C:\Users\Barbara\Documents\GitHub\BetAndRuin\Bets\bets.temp' is opened by 6124@DESKTOP-VOIUGT4

[2021-10-02 12:07:33 #3 store] 
Configuration path: ?

[2021-10-02 12:07:33 #4 type] 
Type domain.Event is not enhanced.

[2021-10-02 12:07:33 #5 type] 
Type domain.Question is not enhanced.

[2021-10-02 12:07:33 #6 type] 
Type domain.User is not enhanced.

[2021-10-02 12:07:33 #7 type] 
Type domain.Wallet is not enhanced.

[2021-10-02 12:07:33 #8 type] 
Type domain.Bet is not enhanced.

------------------------------------------------------------------------------------------------------------------------

[2021-10-02 12:08:11 #1 store] 
Database 'C:\Users\Barbara\Documents\GitHub\BetAndRuin\Bets\bets.temp' has been recovered (tr. 155-174)

[2021-10-02 12:08:11 #2 store] 
Database 'C:\Users\Barbara\Documents\GitHub\BetAndRuin\Bets\bets.temp' is opened by 14732@DESKTOP-VOIUGT4

[2021-10-02 12:08:11 #3 store] 
Configuration path: ?

[2021-10-02 12:08:11 #4 type] 
Type domain.Event is not enhanced.

[2021-10-02 12:08:11 #5 type] 
Type domain.Question is not enhanced.

[2021-10-02 12:08:12 #6 type] 
Type domain.User is not enhanced.

[2021-10-02 12:08:12 #7 type] 
Type domain.Wallet is not enhanced.

[2021-10-02 12:08:12 #8 type] 
Type domain.Bet is not enhanced.

------------------------------------------------------------------------------------------------------------------------

[2021-10-02 12:09:52 #1 store] 
Database 'C:\Users\Barbara\Documents\GitHub\BetAndRuin\Bets\bets.temp' has been recovered (tr. 175-194)

[2021-10-02 12:09:52 #2 store] 
Database 'C:\Users\Barbara\Documents\GitHub\BetAndRuin\Bets\bets.temp' is opened by 6860@DESKTOP-VOIUGT4

[2021-10-02 12:09:52 #3 store] 
Configuration path: ?

[2021-10-02 12:09:53 #4 type] 
Type domain.Event is not enhanced.

[2021-10-02 12:09:53 #5 type] 
Type domain.Question is not enhanced.

[2021-10-02 12:09:53 #6 type] 
Type domain.User is not enhanced.

[2021-10-02 12:09:53 #7 type] 
Type domain.Wallet is not enhanced.

[2021-10-02 12:09:53 #8 type] 
Type domain.Bet is not enhanced.

------------------------------------------------------------------------------------------------------------------------

[2021-10-02 12:11:30 #1 store] 
Database 'C:\Users\Barbara\Documents\GitHub\BetAndRuin\Bets\bets.temp' has been recovered (tr. 195-214)

[2021-10-02 12:11:30 #2 store] 
Database 'C:\Users\Barbara\Documents\GitHub\BetAndRuin\Bets\bets.temp' is opened by 2412@DESKTOP-VOIUGT4

[2021-10-02 12:11:30 #3 store] 
Configuration path: ?

[2021-10-02 12:11:31 #4 type] 
Type domain.Event is not enhanced.

[2021-10-02 12:11:31 #5 type] 
Type domain.Question is not enhanced.

[2021-10-02 12:11:31 #6 type] 
Type domain.User is not enhanced.

[2021-10-02 12:11:31 #7 type] 
Type domain.Wallet is not enhanced.

[2021-10-02 12:11:31 #8 type] 
Type domain.Bet is not enhanced.

------------------------------------------------------------------------------------------------------------------------

[2021-10-02 12:14:30 #1 store] 
Database 'C:\Users\Barbara\Documents\GitHub\BetAndRuin\Bets\bets.temp' has been recovered (tr. 215-234)

[2021-10-02 12:14:30 #2 store] 
Database 'C:\Users\Barbara\Documents\GitHub\BetAndRuin\Bets\bets.temp' is opened by 5448@DESKTOP-VOIUGT4

[2021-10-02 12:14:30 #3 store] 
Configuration path: ?

[2021-10-02 12:14:30 #4 type] 
Type domain.Event is not enhanced.

[2021-10-02 12:14:30 #5 type] 
Type domain.Question is not enhanced.

[2021-10-02 12:14:30 #6 type] 
Type domain.User is not enhanced.

[2021-10-02 12:14:30 #7 type] 
Type domain.Wallet is not enhanced.

[2021-10-02 12:14:30 #8 type] 
Type domain.Bet is not enhanced.

------------------------------------------------------------------------------------------------------------------------

[2021-10-02 12:14:44 #1 store] 
Database 'C:\Users\Barbara\Documents\GitHub\BetAndRuin\Bets\bets.temp' has been recovered (tr. 235-255)

[2021-10-02 12:14:44 #2 store] 
Database 'C:\Users\Barbara\Documents\GitHub\BetAndRuin\Bets\bets.temp' is opened by 11536@DESKTOP-VOIUGT4

[2021-10-02 12:14:44 #3 store] 
Configuration path: ?

[2021-10-02 12:14:45 #4 type] 
Type domain.Event is not enhanced.

[2021-10-02 12:14:45 #5 type] 
Type domain.Question is not enhanced.

[2021-10-02 12:14:45 #6 type] 
Type domain.User is not enhanced.

[2021-10-02 12:14:45 #7 type] 
Type domain.Wallet is not enhanced.

[2021-10-02 12:14:45 #8 type] 
Type domain.Bet is not enhanced.

------------------------------------------------------------------------------------------------------------------------

[2021-10-02 12:22:09 #1 store] 
Database 'C:\Users\Barbara\Documents\GitHub\BetAndRuin\Bets\bets.temp' has been recovered (tr. 256-277)

[2021-10-02 12:22:10 #2 store] 
Database 'C:\Users\Barbara\Documents\GitHub\BetAndRuin\Bets\bets.temp' is opened by 5728@DESKTOP-VOIUGT4

[2021-10-02 12:22:10 #3 store] 
Configuration path: ?

[2021-10-02 12:22:10 #4 type] 
Type domain.Event is not enhanced.

[2021-10-02 12:22:10 #5 type] 
Type domain.Question is not enhanced.

[2021-10-02 12:22:10 #6 type] 
Type domain.User is not enhanced.

[2021-10-02 12:22:10 #7 type] 
Type domain.Wallet is not enhanced.

[2021-10-02 12:22:10 #8 type] 
Type domain.Bet is not enhanced.

------------------------------------------------------------------------------------------------------------------------

[2021-10-02 12:23:04 #1 store] 
Database 'C:\Users\Barbara\Documents\GitHub\BetAndRuin\Bets\bets.temp' has been recovered (tr. 278-299)

[2021-10-02 12:23:04 #2 store] 
Database 'C:\Users\Barbara\Documents\GitHub\BetAndRuin\Bets\bets.temp' is opened by 3416@DESKTOP-VOIUGT4

[2021-10-02 12:23:04 #3 store] 
Configuration path: ?

[2021-10-02 12:23:05 #4 type] 
Type domain.Event is not enhanced.

[2021-10-02 12:23:05 #5 type] 
Type domain.Question is not enhanced.

[2021-10-02 12:23:05 #6 type] 
Type domain.User is not enhanced.

[2021-10-02 12:23:05 #7 type] 
Type domain.Wallet is not enhanced.

[2021-10-02 12:23:05 #8 type] 
Type domain.Bet is not enhanced.

