------------------------------------------------------------------------------------------------------------------------

[2021-10-01 09:07:15 #1 store] 
Database 'C:\Users\Barbara\Documents\GitHub\BetAndRuin\Bets\bets.temp' has been recovered (tr. 12-16)

[2021-10-01 09:07:15 #2 store] 
Database 'C:\Users\Barbara\Documents\GitHub\BetAndRuin\Bets\bets.temp' is opened by 8344@DESKTOP-VOIUGT4

[2021-10-01 09:07:15 #3 store] 
Configuration path: ?

[2021-10-01 09:07:16 #4 type] 
Type domain.Event is not enhanced.

[2021-10-01 09:07:16 #5 type] 
Type domain.Question is not enhanced.

[2021-10-01 09:07:16 #6 type] 
Type domain.User is not enhanced.

[2021-10-01 09:07:16 #7 type] 
Type domain.Wallet is not enhanced.

[2021-10-01 09:07:16 #8 type] 
Type domain.Bet is not enhanced.

------------------------------------------------------------------------------------------------------------------------

[2021-10-01 09:23:37 #1 store] 
Database 'C:\Users\Barbara\Documents\GitHub\BetAndRuin\Bets\bets.temp' has been recovered (tr. 17-31)

[2021-10-01 09:23:37 #2 store] 
Database 'C:\Users\Barbara\Documents\GitHub\BetAndRuin\Bets\bets.temp' is opened by 11672@DESKTOP-VOIUGT4

[2021-10-01 09:23:37 #3 store] 
Configuration path: ?

[2021-10-01 09:23:38 #4 type] 
Type domain.Event is not enhanced.

[2021-10-01 09:23:38 #5 type] 
Type domain.Question is not enhanced.

[2021-10-01 09:23:38 #6 type] 
Type domain.User is not enhanced.

[2021-10-01 09:23:38 #7 type] 
Type domain.Wallet is not enhanced.

[2021-10-01 09:23:38 #8 type] 
Type domain.Bet is not enhanced.

------------------------------------------------------------------------------------------------------------------------

[2021-10-01 09:23:54 #1 store] 
Database 'C:\Users\Barbara\Documents\GitHub\BetAndRuin\Bets\bets.temp' has been recovered (tr. 32-41)

[2021-10-01 09:23:54 #2 store] 
Database 'C:\Users\Barbara\Documents\GitHub\BetAndRuin\Bets\bets.temp' is opened by 12720@DESKTOP-VOIUGT4

[2021-10-01 09:23:54 #3 store] 
Configuration path: ?

[2021-10-01 09:23:54 #4 type] 
Type domain.Event is not enhanced.

[2021-10-01 09:23:54 #5 type] 
Type domain.Question is not enhanced.

[2021-10-01 09:23:54 #6 type] 
Type domain.User is not enhanced.

[2021-10-01 09:23:54 #7 type] 
Type domain.Wallet is not enhanced.

[2021-10-01 09:23:54 #8 type] 
Type domain.Bet is not enhanced.

------------------------------------------------------------------------------------------------------------------------

[2021-10-01 09:25:50 #1 store] 
Database 'C:\Users\Barbara\Documents\GitHub\BetAndRuin\Bets\bets.temp' has been recovered (tr. 42-51)

[2021-10-01 09:25:51 #2 store] 
Database 'C:\Users\Barbara\Documents\GitHub\BetAndRuin\Bets\bets.temp' is opened by 14388@DESKTOP-VOIUGT4

[2021-10-01 09:25:51 #3 store] 
Configuration path: ?

[2021-10-01 09:25:51 #4 type] 
Type domain.Event is not enhanced.

[2021-10-01 09:25:51 #5 type] 
Type domain.Question is not enhanced.

[2021-10-01 09:25:51 #6 type] 
Type domain.User is not enhanced.

[2021-10-01 09:25:51 #7 type] 
Type domain.Wallet is not enhanced.

[2021-10-01 09:25:51 #8 type] 
Type domain.Bet is not enhanced.

